Arguments: 
  /usr/local/bin/node /usr/local/Cellar/yarn/1.9.4/libexec/bin/yarn.js add nodemon

PATH: 
  /Users/tarafenton/.sdkman/candidates/springboot/current/bin:/usr/local/bin:/usr/local/sbin:/usr/local/share/npm/bin:/Users/tarafenton/.rbenv/bin:/usr/local/bin:/usr/bin:/bin:/usr/sbin:/sbin:/Users/tarafenton/Library/Android/sdk/tools:/Users/tarafenton/Library/Android/sdk/platform-tool

Yarn version: 
  1.9.4

Node version: 
  10.9.0

Platform: 
  darwin x64

Trace: 
  Error: http://registry.npmjs.org/event-stream/-/event-stream-3.3.4.tgz: Request failed "500 Internal Server Error"
      at ResponseError.ExtendableBuiltin (/usr/local/Cellar/yarn/1.9.4/libexec/lib/cli.js:218:66)
      at new ResponseError (/usr/local/Cellar/yarn/1.9.4/libexec/lib/cli.js:324:124)
      at Request.<anonymous> (/usr/local/Cellar/yarn/1.9.4/libexec/lib/cli.js:61013:26)
      at Request.emit (events.js:182:13)
      at Request.module.exports.Request.onRequestResponse (/usr/local/Cellar/yarn/1.9.4/libexec/lib/cli.js:138345:10)
      at ClientRequest.emit (events.js:187:15)
      at HTTPParser.parserOnIncomingClient (_http_client.js:555:21)
      at HTTPParser.parserOnHeadersComplete (_http_common.js:109:17)
      at Socket.socketOnData (_http_client.js:441:20)
      at Socket.emit (events.js:182:13)

npm manifest: 
  {
    "name": "planets",
    "version": "1.0.0",
    "description": "csv https://github.com/kristinriebe/solarsystem-workshop/blob/master/planets.csv",
    "main": "server.js",
    "scripts": {
      "test": "echo \"Error: no test specified\" && exit 1",
      "start": "node server.js"
    },
    "author": "",
    "license": "ISC",
    "keywords": [],
    "dependencies": {
      "express": "^4.16.3"
    }
  }

yarn manifest: 
  No manifest

Lockfile: 
  # THIS IS AN AUTOGENERATED FILE. DO NOT EDIT THIS FILE DIRECTLY.
  # yarn lockfile v1
